<?xml version="1.0" encoding="UTF-8"?>
<!-- Generated by org.testng.reporters.JUnitReportReporter -->
<testsuite hostname="LAPTOP-8LKTCC8P" failures="0" tests="1" name="org.testing.testScripts.TC2_GetAllRequest" time="0.218" errors="0" timestamp="2024-01-19T00:32:31 IST" skipped="0">
  <testcase classname="org.testing.testScripts.TC2_GetAllRequest" name="testcase2" time="0.218"/>
</testsuite> <!-- org.testing.testScripts.TC2_GetAllRequest -->
