<?xml version="1.0" encoding="UTF-8"?>
<!-- Generated by org.testng.reporters.JUnitReportReporter -->
<testsuite hostname="LAPTOP-8LKTCC8P" failures="0" tests="1" name="org.testing.testScripts.TC8_CreateEmployee" time="0.943" errors="0" timestamp="2024-01-17T22:32:21 IST" skipped="0">
  <testcase classname="org.testing.testScripts.TC8_CreateEmployee" name="testcase8" time="0.943"/>
</testsuite> <!-- org.testing.testScripts.TC8_CreateEmployee -->
