<?xml version="1.0" encoding="UTF-8"?>
<!-- Generated by org.testng.reporters.JUnitReportReporter -->
<testsuite hostname="LAPTOP-8LKTCC8P" failures="0" tests="1" name="org.testing.testScripts.TC6_GetAllData" time="0.476" errors="0" timestamp="2024-01-19T00:32:31 IST" skipped="0">
  <testcase classname="org.testing.testScripts.TC6_GetAllData" name="testcase6" time="0.476"/>
</testsuite> <!-- org.testing.testScripts.TC6_GetAllData -->
