<?xml version="1.0" encoding="UTF-8"?>
<!-- Generated by org.testng.reporters.JUnitReportReporter -->
<testsuite hostname="LAPTOP-8LKTCC8P" failures="0" tests="1" name="org.testing.testScripts.TC7_GetSingleData" time="0.075" errors="0" timestamp="2024-01-17T22:32:21 IST" skipped="0">
  <testcase classname="org.testing.testScripts.TC7_GetSingleData" name="testcase7" time="0.075"/>
</testsuite> <!-- org.testing.testScripts.TC7_GetSingleData -->
